[INFO ]2023-01-13 13:57:17.285 [main]logger-Use get the Base URI
[INFO ]2023-01-13 13:57:17.803 [main]logger-Put all the data for program body
[INFO ]2023-01-13 13:57:17.804 [main]logger-Request the Body with Given Data
[INFO ]2023-01-13 13:57:18.057 [main]logger-User make a Post request
[INFO ]2023-01-13 13:57:19.411 [main]logger-User save the programID
[INFO ]2023-01-13 13:57:20.290 [main]logger-validate the status code
[INFO ]2023-01-13 13:57:20.311 [main]logger-validate the Program Name
[INFO ]2023-01-13 13:57:20.334 [main]logger-Program Name is Jan23-API Coders-SDET-017-774
[INFO ]2023-01-13 13:57:20.338 [main]logger-validate the Program Description
[INFO ]2023-01-13 13:57:20.361 [main]logger-Description is Learn RestAssure
[INFO ]2023-01-13 13:57:20.361 [main]logger-validate the Program status
[INFO ]2023-01-13 13:57:20.378 [main]logger-Program status is Active
[INFO ]2023-01-13 13:57:20.378 [main]logger-User make a Get request by programID
[INFO ]2023-01-13 13:57:20.780 [main]logger-Use get the Base URI
[INFO ]2023-01-13 13:57:20.781 [main]logger-Put all the data for program body
[INFO ]2023-01-13 13:57:20.782 [main]logger-Request the Body with Given Data
[INFO ]2023-01-13 13:57:20.799 [main]logger-User make a Post request
[INFO ]2023-01-13 13:57:20.937 [main]logger-User save the programID
[INFO ]2023-01-13 13:57:20.955 [main]logger-validate the status code
[INFO ]2023-01-13 13:57:20.956 [main]logger-validate the Program Name
[INFO ]2023-01-13 13:57:20.973 [main]logger-Program Name is Jan23-API Coders-SDET-017-775
[INFO ]2023-01-13 13:57:20.973 [main]logger-validate the Program Description
[INFO ]2023-01-13 13:57:20.991 [main]logger-Description is Learn RestAssureAPI
[INFO ]2023-01-13 13:57:20.991 [main]logger-validate the Program status
[INFO ]2023-01-13 13:57:21.018 [main]logger-Program status is Active
[INFO ]2023-01-13 13:57:21.019 [main]logger-User make a Get request by programID
[INFO ]2023-01-13 14:05:50.875 [main]logger-Use get the Base URI
[INFO ]2023-01-13 14:05:51.405 [main]logger-Put all the data for program body
[INFO ]2023-01-13 14:05:51.406 [main]logger-Request the Body with Given Data
[INFO ]2023-01-13 14:05:51.688 [main]logger-User make a Post request
[INFO ]2023-01-13 14:05:52.966 [main]logger-User save the programID
[INFO ]2023-01-13 14:05:53.871 [main]logger-Use get the Base URI
[INFO ]2023-01-13 14:05:53.872 [main]logger-Put all the data for program body
[INFO ]2023-01-13 14:05:53.873 [main]logger-Request the Body with Given Data
[INFO ]2023-01-13 14:05:53.877 [main]logger-User make a Post request
[INFO ]2023-01-13 14:05:54.098 [main]logger-User save the programID
[INFO ]2023-01-13 14:07:09.212 [main]logger-Use get the Base URI
[INFO ]2023-01-13 14:07:09.676 [main]logger-Put all the data for program body
[INFO ]2023-01-13 14:07:09.676 [main]logger-Request the Body with Given Data
[INFO ]2023-01-13 14:07:09.936 [main]logger-User make a Post request
[INFO ]2023-01-13 14:07:11.224 [main]logger-User save the programID
[INFO ]2023-01-13 14:07:12.121 [main]logger-validate the status code
[INFO ]2023-01-13 14:07:12.147 [main]logger-validate the Program Name
[INFO ]2023-01-13 14:07:12.169 [main]logger-Program Name is Jan23-API Coders-SDET-0177
[INFO ]2023-01-13 14:07:12.172 [main]logger-validate the Program Description
[INFO ]2023-01-13 14:07:12.190 [main]logger-Description is Learn RestAssure
[INFO ]2023-01-13 14:07:12.191 [main]logger-validate the Program status
[INFO ]2023-01-13 14:07:12.210 [main]logger-Program status is Active
[INFO ]2023-01-13 14:07:12.210 [main]logger-User make a Get request by programID
[INFO ]2023-01-13 14:07:12.616 [main]logger-Use get the Base URI
[INFO ]2023-01-13 14:07:12.616 [main]logger-Put all the data for program body
[INFO ]2023-01-13 14:07:12.617 [main]logger-Request the Body with Given Data
[INFO ]2023-01-13 14:07:12.619 [main]logger-User make a Post request
[INFO ]2023-01-13 14:07:12.752 [main]logger-User save the programID
[INFO ]2023-01-13 14:07:12.770 [main]logger-validate the status code
[INFO ]2023-01-13 14:07:12.771 [main]logger-validate the Program Name
[INFO ]2023-01-13 14:07:12.787 [main]logger-Program Name is Jan23-API Coders-SDET-0188
[INFO ]2023-01-13 14:07:12.788 [main]logger-validate the Program Description
[INFO ]2023-01-13 14:07:12.804 [main]logger-Description is Learn RestAssureAPI
[INFO ]2023-01-13 14:07:12.804 [main]logger-validate the Program status
[INFO ]2023-01-13 14:07:12.823 [main]logger-Program status is Active
[INFO ]2023-01-13 14:07:12.824 [main]logger-User make a Get request by programID
[INFO ]2023-01-13 14:15:55.431 [main]logger-Use get the Base URI
[INFO ]2023-01-13 14:15:55.922 [main]logger-Put all the data for program body
[INFO ]2023-01-13 14:15:55.922 [main]logger-Request the Body with Given Data
[INFO ]2023-01-13 14:15:56.190 [main]logger-User make a Post request
[INFO ]2023-01-13 14:15:57.466 [main]logger-User save the programID
[INFO ]2023-01-13 14:15:58.372 [main]logger-Use get the Base URI
[INFO ]2023-01-13 14:15:58.373 [main]logger-Put all the data for program body
[INFO ]2023-01-13 14:15:58.374 [main]logger-Request the Body with Given Data
[INFO ]2023-01-13 14:15:58.377 [main]logger-User make a Post request
[INFO ]2023-01-13 14:15:58.539 [main]logger-User save the programID
[INFO ]2023-01-13 14:16:30.753 [main]logger-Use get the Base URI
[INFO ]2023-01-13 14:16:31.308 [main]logger-Put all the data for program body
[INFO ]2023-01-13 14:16:31.308 [main]logger-Request the Body with Given Data
[INFO ]2023-01-13 14:16:31.566 [main]logger-User make a Post request
[INFO ]2023-01-13 14:16:32.950 [main]logger-User save the programID
[INFO ]2023-01-13 14:16:33.817 [main]logger-validate the status code
[INFO ]2023-01-13 14:16:33.838 [main]logger-validate the Program Name
[INFO ]2023-01-13 14:16:33.859 [main]logger-Program Name is Jan23-API Coders-SDET-0001
[INFO ]2023-01-13 14:16:33.862 [main]logger-validate the Program Description
[INFO ]2023-01-13 14:16:33.879 [main]logger-Description is Learn RestAssure
[INFO ]2023-01-13 14:16:33.879 [main]logger-validate the Program status
[INFO ]2023-01-13 14:16:33.897 [main]logger-Program status is Active
[INFO ]2023-01-13 14:16:33.898 [main]logger-User make a Get request by programID
[INFO ]2023-01-13 14:16:34.397 [main]logger-Use get the Base URI
[INFO ]2023-01-13 14:16:34.402 [main]logger-Put all the data for program body
[INFO ]2023-01-13 14:16:34.404 [main]logger-Request the Body with Given Data
[INFO ]2023-01-13 14:16:34.412 [main]logger-User make a Post request
[INFO ]2023-01-13 14:16:34.585 [main]logger-User save the programID
[INFO ]2023-01-13 14:16:34.603 [main]logger-validate the status code
[INFO ]2023-01-13 14:16:34.603 [main]logger-validate the Program Name
[INFO ]2023-01-13 14:16:34.620 [main]logger-Program Name is Jan23-API Coders-SDET-0002
[INFO ]2023-01-13 14:16:34.620 [main]logger-validate the Program Description
[INFO ]2023-01-13 14:16:34.635 [main]logger-Description is Learn RestAssureAPI
[INFO ]2023-01-13 14:16:34.636 [main]logger-validate the Program status
[INFO ]2023-01-13 14:16:34.656 [main]logger-Program status is Active
[INFO ]2023-01-13 14:16:34.657 [main]logger-User make a Get request by programID
[INFO ]2023-01-13 14:31:30.628 [main]logger-Use get the Base URI
[INFO ]2023-01-13 14:31:31.146 [main]logger-Put all the data for program body
[INFO ]2023-01-13 14:31:31.147 [main]logger-Request the Body with Given Data
[INFO ]2023-01-13 14:31:31.407 [main]logger-User make a Post request
[INFO ]2023-01-13 14:31:32.768 [main]logger-User save the programID
[INFO ]2023-01-13 14:31:33.777 [main]logger-validate the status code
[INFO ]2023-01-13 14:31:33.800 [main]logger-validate the Program Name
[INFO ]2023-01-13 14:31:33.824 [main]logger-Program Name is Jan23-API Coders-SDET-0001
[INFO ]2023-01-13 14:31:33.827 [main]logger-validate the Program Description
[INFO ]2023-01-13 14:31:33.845 [main]logger-Description is Learn RestAssure
[INFO ]2023-01-13 14:31:33.845 [main]logger-validate the Program status
[INFO ]2023-01-13 14:31:33.864 [main]logger-Program status is Active
[INFO ]2023-01-13 14:31:33.864 [main]logger-User make a Get request by programID
[INFO ]2023-01-13 14:31:34.324 [main]logger-Use get the Base URI
[INFO ]2023-01-13 14:31:34.332 [main]logger-Put all the data for program body
[INFO ]2023-01-13 14:31:34.338 [main]logger-Request the Body with Given Data
[INFO ]2023-01-13 14:31:34.348 [main]logger-User make a Post request
[INFO ]2023-01-13 14:31:34.512 [main]logger-User save the programID
[INFO ]2023-01-13 14:31:34.530 [main]logger-validate the status code
[INFO ]2023-01-13 14:31:34.531 [main]logger-validate the Program Name
[INFO ]2023-01-13 14:31:34.550 [main]logger-Program Name is Jan23-API Coders-SDET-0002
[INFO ]2023-01-13 14:31:34.551 [main]logger-validate the Program Description
[INFO ]2023-01-13 14:31:34.573 [main]logger-Description is Learn RestAssureAPI
[INFO ]2023-01-13 14:31:34.573 [main]logger-validate the Program status
[INFO ]2023-01-13 14:31:34.597 [main]logger-Program status is Active
[INFO ]2023-01-13 14:31:34.597 [main]logger-User make a Get request by programID
[INFO ]2023-01-13 15:01:00.353 [main]logger-Use get the Base URI
[INFO ]2023-01-13 15:01:00.678 [main]logger-Put all the data for program body
[INFO ]2023-01-13 15:01:00.678 [main]logger-Request the Body with Given Data
[INFO ]2023-01-13 15:01:00.852 [main]logger-User make a Post request
[INFO ]2023-01-13 15:01:01.755 [main]logger-User save the programID
[INFO ]2023-01-13 15:01:02.313 [main]logger-validate the status code
[INFO ]2023-01-13 15:01:02.326 [main]logger-validate the Program Name
[INFO ]2023-01-13 15:01:02.340 [main]logger-Program Name is Jan23-API Coders-SDET-0001
[INFO ]2023-01-13 15:01:02.342 [main]logger-validate the Program Description
[INFO ]2023-01-13 15:01:02.353 [main]logger-Description is Learn RestAssure
[INFO ]2023-01-13 15:01:02.354 [main]logger-validate the Program status
[INFO ]2023-01-13 15:01:02.364 [main]logger-Program status is Active
[INFO ]2023-01-13 15:01:02.364 [main]logger-User make a Get request by programID
[INFO ]2023-01-13 15:01:02.544 [main]logger-Use get the Base URI
[INFO ]2023-01-13 15:01:02.544 [main]logger-Put all the data for program body
[INFO ]2023-01-13 15:01:02.544 [main]logger-Request the Body with Given Data
[INFO ]2023-01-13 15:01:02.546 [main]logger-User make a Post request
[INFO ]2023-01-13 15:01:02.684 [main]logger-User save the programID
[INFO ]2023-01-13 15:01:02.694 [main]logger-validate the status code
[INFO ]2023-01-13 15:01:02.695 [main]logger-validate the Program Name
[INFO ]2023-01-13 15:01:02.703 [main]logger-Program Name is Jan23-API Coders-SDET-0002
[INFO ]2023-01-13 15:01:02.704 [main]logger-validate the Program Description
[INFO ]2023-01-13 15:01:02.712 [main]logger-Description is Learn RestAssureAPI
[INFO ]2023-01-13 15:01:02.712 [main]logger-validate the Program status
[INFO ]2023-01-13 15:01:02.734 [main]logger-Program status is Active
[INFO ]2023-01-13 15:01:02.735 [main]logger-User make a Get request by programID
[INFO ]2023-01-13 15:12:33.763 [main]logger-Use get the Base URI
[INFO ]2023-01-13 15:12:34.112 [main]logger-Put all the data for program body
[INFO ]2023-01-13 15:12:34.113 [main]logger-Request the Body with Given Data
[INFO ]2023-01-13 15:12:34.279 [main]logger-User make a Post request
[INFO ]2023-01-13 15:12:35.129 [main]logger-User save the programID
[INFO ]2023-01-13 15:12:35.683 [main]logger-validate the status code
[INFO ]2023-01-13 15:12:35.696 [main]logger-validate the Program Name
[INFO ]2023-01-13 15:12:35.709 [main]logger-Program Name is Jan23-API Coders-SDET-0001
[INFO ]2023-01-13 15:12:35.711 [main]logger-validate the Program Description
[INFO ]2023-01-13 15:12:35.722 [main]logger-Description is Learn RestAssure
[INFO ]2023-01-13 15:12:35.722 [main]logger-validate the Program status
[INFO ]2023-01-13 15:12:35.731 [main]logger-Program status is Active
[INFO ]2023-01-13 15:12:35.732 [main]logger-User make a Get request by programID
[INFO ]2023-01-13 15:12:35.895 [main]logger-Use get the Base URI
[INFO ]2023-01-13 15:12:35.896 [main]logger-Put all the data for program body
[INFO ]2023-01-13 15:12:35.896 [main]logger-Request the Body with Given Data
[INFO ]2023-01-13 15:12:35.897 [main]logger-User make a Post request
[INFO ]2023-01-13 15:12:36.019 [main]logger-User save the programID
[INFO ]2023-01-13 15:12:36.029 [main]logger-validate the status code
[INFO ]2023-01-13 15:12:36.029 [main]logger-validate the Program Name
[INFO ]2023-01-13 15:12:36.039 [main]logger-Program Name is Jan23-API Coders-SDET-0002
[INFO ]2023-01-13 15:12:36.039 [main]logger-validate the Program Description
[INFO ]2023-01-13 15:12:36.048 [main]logger-Description is Learn RestAssureAPI
[INFO ]2023-01-13 15:12:36.048 [main]logger-validate the Program status
[INFO ]2023-01-13 15:12:36.057 [main]logger-Program status is Active
[INFO ]2023-01-13 15:12:36.058 [main]logger-User make a Get request by programID
[INFO ]2023-01-13 15:15:52.758 [main]logger-Use get the Base URI
[INFO ]2023-01-13 15:15:53.099 [main]logger-Put all the data for program body
[INFO ]2023-01-13 15:15:53.100 [main]logger-Request the Body with Given Data
[INFO ]2023-01-13 15:15:53.275 [main]logger-User make a Post request
[INFO ]2023-01-13 15:15:54.582 [main]logger-User save the programID
[INFO ]2023-01-13 15:15:55.148 [main]logger-validate the status code
[INFO ]2023-01-13 15:15:55.149 [main]logger-validate the Program Name
[INFO ]2023-01-13 15:15:55.161 [main]logger-Program Name is Jan23-API Coders-SDET-0001
[INFO ]2023-01-13 15:15:55.163 [main]logger-validate the Program Description
[INFO ]2023-01-13 15:15:55.174 [main]logger-Description is Learn RestAssure
[INFO ]2023-01-13 15:15:55.175 [main]logger-validate the Program status
[INFO ]2023-01-13 15:15:55.186 [main]logger-Program status is Active
[INFO ]2023-01-13 15:15:55.186 [main]logger-User make a Get request by programID
[INFO ]2023-01-13 15:15:55.328 [main]logger-validate the Program Name
[INFO ]2023-01-13 15:15:55.338 [main]logger-Program Name is Jan23-API Coders-SDET-0001
[INFO ]2023-01-13 15:15:55.339 [main]logger-validate the Program Description
[INFO ]2023-01-13 15:15:55.350 [main]logger-Description is Learn RestAssure
[INFO ]2023-01-13 15:15:55.350 [main]logger-validate the Program status
[INFO ]2023-01-13 15:15:55.359 [main]logger-Program status is Active
[INFO ]2023-01-13 15:15:55.366 [main]logger-Use get the Base URI
[INFO ]2023-01-13 15:15:55.367 [main]logger-Put all the data for program body
[INFO ]2023-01-13 15:15:55.367 [main]logger-Request the Body with Given Data
[INFO ]2023-01-13 15:15:55.368 [main]logger-User make a Post request
[INFO ]2023-01-13 15:15:55.493 [main]logger-User save the programID
[INFO ]2023-01-13 15:15:55.503 [main]logger-validate the status code
[INFO ]2023-01-13 15:15:55.503 [main]logger-validate the Program Name
[INFO ]2023-01-13 15:15:55.514 [main]logger-Program Name is Jan23-API Coders-SDET-0002
[INFO ]2023-01-13 15:15:55.514 [main]logger-validate the Program Description
[INFO ]2023-01-13 15:15:55.525 [main]logger-Description is Learn RestAssureAPI
[INFO ]2023-01-13 15:15:55.525 [main]logger-validate the Program status
[INFO ]2023-01-13 15:15:55.535 [main]logger-Program status is Active
[INFO ]2023-01-13 15:15:55.535 [main]logger-User make a Get request by programID
[INFO ]2023-01-13 15:15:55.664 [main]logger-validate the Program Name
[INFO ]2023-01-13 15:15:55.675 [main]logger-Program Name is Jan23-API Coders-SDET-0002
[INFO ]2023-01-13 15:15:55.676 [main]logger-validate the Program Description
[INFO ]2023-01-13 15:15:55.686 [main]logger-Description is Learn RestAssureAPI
[INFO ]2023-01-13 15:15:55.686 [main]logger-validate the Program status
[INFO ]2023-01-13 15:15:55.697 [main]logger-Program status is Active
